2017/09/15 00:02:35 [error] [exception.CDbException] could not find driver
2017/09/15 00:02:35 [error] [exception.CDbException] exception 'CDbException' with message 'CDbConnection failed to open the DB connection.' in /var/www/html/yii/framework/db/CDbConnection.php:405
Stack trace:
#0 /var/www/html/yii/framework/db/CDbConnection.php(347): CDbConnection->open()
#1 /var/www/html/yii/framework/db/CDbConnection.php(325): CDbConnection->setActive(true)
#2 /var/www/html/yii/framework/base/CModule.php(394): CDbConnection->init()
#3 /var/www/html/yii/framework/base/CApplication.php(459): CModule->getComponent('db')
#4 /var/www/html/yii/framework/db/ar/CActiveRecord.php(639): CApplication->getDb()
#5 /var/www/html/yii/framework/db/ar/CActiveRecord.php(672): CActiveRecord->getDbConnection()
#6 /var/www/html/yii/framework/db/ar/CActiveRecord.php(1604): CActiveRecord->getCommandBuilder()
#7 /var/www/html/yii/framework/web/CActiveDataProvider.php(228): CActiveRecord->count(Object(CDbCriteria))
#8 /var/www/html/yii/framework/web/CDataProvider.php(224): CActiveDataProvider->calculateTotalItemCount()
#9 /var/www/html/yii/framework/web/CActiveDataProvider.php(178): CDataProvider->getTotalItemCount()
#10 /var/www/html/yii/framework/web/CDataProvider.php(168): CActiveDataProvider->fetchData()
#11 /var/www/html/yii/framework/zii/widgets/CBaseListView.php(125): CDataProvider->getData()
#12 /var/www/html/yii/framework/zii/widgets/CListView.php(211): CBaseListView->init()
#13 /var/www/html/yii/framework/web/CBaseController.php(147): CListView->init()
#14 /var/www/html/yii/framework/web/CBaseController.php(181): CBaseController->createWidget('zii.widgets.CLi...', Array)
#15 /var/www/html/yii/demos/blog/protected/views/post/index.php(9): CBaseController->widget('zii.widgets.CLi...', Array)
#16 /var/www/html/yii/framework/web/CBaseController.php(126): require('/var/www/html/y...')
#17 /var/www/html/yii/framework/web/CBaseController.php(95): CBaseController->renderInternal('/var/www/html/y...', Array, true)
#18 /var/www/html/yii/framework/web/CController.php(872): CBaseController->renderFile('/var/www/html/y...', Array, true)
#19 /var/www/html/yii/framework/web/CController.php(785): CController->renderPartial('index', Array, true)
#20 /var/www/html/yii/demos/blog/protected/controllers/PostController.php(136): CController->render('index', Array)
#21 /var/www/html/yii/framework/web/actions/CInlineAction.php(49): PostController->actionIndex()
#22 /var/www/html/yii/framework/web/CController.php(308): CInlineAction->runWithParams(Array)
#23 /var/www/html/yii/framework/web/filters/CFilterChain.php(134): CController->runAction(Object(CInlineAction))
#24 /var/www/html/yii/framework/web/filters/CFilter.php(40): CFilterChain->run()
#25 /var/www/html/yii/framework/web/CController.php(1148): CFilter->filter(Object(CFilterChain))
#26 /var/www/html/yii/framework/web/filters/CInlineFilter.php(58): CController->filterAccessControl(Object(CFilterChain))
#27 /var/www/html/yii/framework/web/filters/CFilterChain.php(131): CInlineFilter->filter(Object(CFilterChain))
#28 /var/www/html/yii/framework/web/CController.php(291): CFilterChain->run()
#29 /var/www/html/yii/framework/web/CController.php(265): CController->runActionWithFilters(Object(CInlineAction), Array)
#30 /var/www/html/yii/framework/web/CWebApplication.php(282): CController->run('')
#31 /var/www/html/yii/framework/web/CWebApplication.php(141): CWebApplication->runController('')
#32 /var/www/html/yii/framework/base/CApplication.php(185): CWebApplication->processRequest()
#33 /var/www/html/yii/demos/blog/index.php(11): CApplication->run()
#34 {main}
REQUEST_URI=/yii/demos/blog/
HTTP_REFERER=http://localhost/yii/demos/
---
2017/09/15 00:03:01 [error] [exception.CDbException] could not find driver
2017/09/15 00:03:01 [error] [exception.CDbException] exception 'CDbException' with message 'CDbConnection failed to open the DB connection.' in /var/www/html/yii/framework/db/CDbConnection.php:405
Stack trace:
#0 /var/www/html/yii/framework/db/CDbConnection.php(347): CDbConnection->open()
#1 /var/www/html/yii/framework/db/CDbConnection.php(325): CDbConnection->setActive(true)
#2 /var/www/html/yii/framework/base/CModule.php(394): CDbConnection->init()
#3 /var/www/html/yii/framework/base/CApplication.php(459): CModule->getComponent('db')
#4 /var/www/html/yii/framework/db/ar/CActiveRecord.php(639): CApplication->getDb()
#5 /var/www/html/yii/framework/db/ar/CActiveRecord.php(672): CActiveRecord->getDbConnection()
#6 /var/www/html/yii/framework/db/ar/CActiveRecord.php(1604): CActiveRecord->getCommandBuilder()
#7 /var/www/html/yii/framework/web/CActiveDataProvider.php(228): CActiveRecord->count(Object(CDbCriteria))
#8 /var/www/html/yii/framework/web/CDataProvider.php(224): CActiveDataProvider->calculateTotalItemCount()
#9 /var/www/html/yii/framework/web/CActiveDataProvider.php(178): CDataProvider->getTotalItemCount()
#10 /var/www/html/yii/framework/web/CDataProvider.php(168): CActiveDataProvider->fetchData()
#11 /var/www/html/yii/framework/zii/widgets/CBaseListView.php(125): CDataProvider->getData()
#12 /var/www/html/yii/framework/zii/widgets/CListView.php(211): CBaseListView->init()
#13 /var/www/html/yii/framework/web/CBaseController.php(147): CListView->init()
#14 /var/www/html/yii/framework/web/CBaseController.php(181): CBaseController->createWidget('zii.widgets.CLi...', Array)
#15 /var/www/html/yii/demos/blog/protected/views/post/index.php(9): CBaseController->widget('zii.widgets.CLi...', Array)
#16 /var/www/html/yii/framework/web/CBaseController.php(126): require('/var/www/html/y...')
#17 /var/www/html/yii/framework/web/CBaseController.php(95): CBaseController->renderInternal('/var/www/html/y...', Array, true)
#18 /var/www/html/yii/framework/web/CController.php(872): CBaseController->renderFile('/var/www/html/y...', Array, true)
#19 /var/www/html/yii/framework/web/CController.php(785): CController->renderPartial('index', Array, true)
#20 /var/www/html/yii/demos/blog/protected/controllers/PostController.php(136): CController->render('index', Array)
#21 /var/www/html/yii/framework/web/actions/CInlineAction.php(49): PostController->actionIndex()
#22 /var/www/html/yii/framework/web/CController.php(308): CInlineAction->runWithParams(Array)
#23 /var/www/html/yii/framework/web/filters/CFilterChain.php(134): CController->runAction(Object(CInlineAction))
#24 /var/www/html/yii/framework/web/filters/CFilter.php(40): CFilterChain->run()
#25 /var/www/html/yii/framework/web/CController.php(1148): CFilter->filter(Object(CFilterChain))
#26 /var/www/html/yii/framework/web/filters/CInlineFilter.php(58): CController->filterAccessControl(Object(CFilterChain))
#27 /var/www/html/yii/framework/web/filters/CFilterChain.php(131): CInlineFilter->filter(Object(CFilterChain))
#28 /var/www/html/yii/framework/web/CController.php(291): CFilterChain->run()
#29 /var/www/html/yii/framework/web/CController.php(265): CController->runActionWithFilters(Object(CInlineAction), Array)
#30 /var/www/html/yii/framework/web/CWebApplication.php(282): CController->run('')
#31 /var/www/html/yii/framework/web/CWebApplication.php(141): CWebApplication->runController('')
#32 /var/www/html/yii/framework/base/CApplication.php(185): CWebApplication->processRequest()
#33 /var/www/html/yii/demos/blog/index.php(11): CApplication->run()
#34 {main}
REQUEST_URI=/yii/demos/blog/
HTTP_REFERER=http://localhost/yii/demos/
---
2018/04/18 05:31:14 [error] [exception.CDbException] could not find driver
2018/04/18 05:31:14 [error] [exception.CDbException] exception 'CDbException' with message 'CDbConnection failed to open the DB connection.' in /var/www/html/yii/framework/db/CDbConnection.php:405
Stack trace:
#0 /var/www/html/yii/framework/db/CDbConnection.php(347): CDbConnection->open()
#1 /var/www/html/yii/framework/db/CDbConnection.php(325): CDbConnection->setActive(true)
#2 /var/www/html/yii/framework/base/CModule.php(394): CDbConnection->init()
#3 /var/www/html/yii/framework/base/CApplication.php(459): CModule->getComponent('db')
#4 /var/www/html/yii/framework/db/ar/CActiveRecord.php(639): CApplication->getDb()
#5 /var/www/html/yii/framework/db/ar/CActiveRecord.php(672): CActiveRecord->getDbConnection()
#6 /var/www/html/yii/framework/db/ar/CActiveRecord.php(1604): CActiveRecord->getCommandBuilder()
#7 /var/www/html/yii/framework/web/CActiveDataProvider.php(228): CActiveRecord->count(Object(CDbCriteria))
#8 /var/www/html/yii/framework/web/CDataProvider.php(224): CActiveDataProvider->calculateTotalItemCount()
#9 /var/www/html/yii/framework/web/CActiveDataProvider.php(178): CDataProvider->getTotalItemCount()
#10 /var/www/html/yii/framework/web/CDataProvider.php(168): CActiveDataProvider->fetchData()
#11 /var/www/html/yii/framework/zii/widgets/CBaseListView.php(125): CDataProvider->getData()
#12 /var/www/html/yii/framework/zii/widgets/CListView.php(211): CBaseListView->init()
#13 /var/www/html/yii/framework/web/CBaseController.php(147): CListView->init()
#14 /var/www/html/yii/framework/web/CBaseController.php(181): CBaseController->createWidget('zii.widgets.CLi...', Array)
#15 /var/www/html/yii/demos/blog/protected/views/post/index.php(9): CBaseController->widget('zii.widgets.CLi...', Array)
#16 /var/www/html/yii/framework/web/CBaseController.php(126): require('/var/www/html/y...')
#17 /var/www/html/yii/framework/web/CBaseController.php(95): CBaseController->renderInternal('/var/www/html/y...', Array, true)
#18 /var/www/html/yii/framework/web/CController.php(872): CBaseController->renderFile('/var/www/html/y...', Array, true)
#19 /var/www/html/yii/framework/web/CController.php(785): CController->renderPartial('index', Array, true)
#20 /var/www/html/yii/demos/blog/protected/controllers/PostController.php(136): CController->render('index', Array)
#21 /var/www/html/yii/framework/web/actions/CInlineAction.php(49): PostController->actionIndex()
#22 /var/www/html/yii/framework/web/CController.php(308): CInlineAction->runWithParams(Array)
#23 /var/www/html/yii/framework/web/filters/CFilterChain.php(134): CController->runAction(Object(CInlineAction))
#24 /var/www/html/yii/framework/web/filters/CFilter.php(40): CFilterChain->run()
#25 /var/www/html/yii/framework/web/CController.php(1148): CFilter->filter(Object(CFilterChain))
#26 /var/www/html/yii/framework/web/filters/CInlineFilter.php(58): CController->filterAccessControl(Object(CFilterChain))
#27 /var/www/html/yii/framework/web/filters/CFilterChain.php(131): CInlineFilter->filter(Object(CFilterChain))
#28 /var/www/html/yii/framework/web/CController.php(291): CFilterChain->run()
#29 /var/www/html/yii/framework/web/CController.php(265): CController->runActionWithFilters(Object(CInlineAction), Array)
#30 /var/www/html/yii/framework/web/CWebApplication.php(282): CController->run('')
#31 /var/www/html/yii/framework/web/CWebApplication.php(141): CWebApplication->runController('')
#32 /var/www/html/yii/framework/base/CApplication.php(185): CWebApplication->processRequest()
#33 /var/www/html/yii/demos/blog/index.php(11): CApplication->run()
#34 {main}
REQUEST_URI=/yii/demos/blog/
---
2018/04/25 19:48:54 [error] [exception.CDbException] could not find driver
2018/04/25 19:48:54 [error] [exception.CDbException] exception 'CDbException' with message 'CDbConnection failed to open the DB connection.' in /var/www/html/yii/framework/db/CDbConnection.php:405
Stack trace:
#0 /var/www/html/yii/framework/db/CDbConnection.php(347): CDbConnection->open()
#1 /var/www/html/yii/framework/db/CDbConnection.php(325): CDbConnection->setActive(true)
#2 /var/www/html/yii/framework/base/CModule.php(394): CDbConnection->init()
#3 /var/www/html/yii/framework/base/CApplication.php(459): CModule->getComponent('db')
#4 /var/www/html/yii/framework/db/ar/CActiveRecord.php(639): CApplication->getDb()
#5 /var/www/html/yii/framework/db/ar/CActiveRecord.php(672): CActiveRecord->getDbConnection()
#6 /var/www/html/yii/framework/db/ar/CActiveRecord.php(1604): CActiveRecord->getCommandBuilder()
#7 /var/www/html/yii/framework/web/CActiveDataProvider.php(228): CActiveRecord->count(Object(CDbCriteria))
#8 /var/www/html/yii/framework/web/CDataProvider.php(224): CActiveDataProvider->calculateTotalItemCount()
#9 /var/www/html/yii/framework/web/CActiveDataProvider.php(178): CDataProvider->getTotalItemCount()
#10 /var/www/html/yii/framework/web/CDataProvider.php(168): CActiveDataProvider->fetchData()
#11 /var/www/html/yii/framework/zii/widgets/CBaseListView.php(125): CDataProvider->getData()
#12 /var/www/html/yii/framework/zii/widgets/CListView.php(211): CBaseListView->init()
#13 /var/www/html/yii/framework/web/CBaseController.php(147): CListView->init()
#14 /var/www/html/yii/framework/web/CBaseController.php(181): CBaseController->createWidget('zii.widgets.CLi...', Array)
#15 /var/www/html/yii/demos/blog/protected/views/post/index.php(9): CBaseController->widget('zii.widgets.CLi...', Array)
#16 /var/www/html/yii/framework/web/CBaseController.php(126): require('/var/www/html/y...')
#17 /var/www/html/yii/framework/web/CBaseController.php(95): CBaseController->renderInternal('/var/www/html/y...', Array, true)
#18 /var/www/html/yii/framework/web/CController.php(872): CBaseController->renderFile('/var/www/html/y...', Array, true)
#19 /var/www/html/yii/framework/web/CController.php(785): CController->renderPartial('index', Array, true)
#20 /var/www/html/yii/demos/blog/protected/controllers/PostController.php(136): CController->render('index', Array)
#21 /var/www/html/yii/framework/web/actions/CInlineAction.php(49): PostController->actionIndex()
#22 /var/www/html/yii/framework/web/CController.php(308): CInlineAction->runWithParams(Array)
#23 /var/www/html/yii/framework/web/filters/CFilterChain.php(134): CController->runAction(Object(CInlineAction))
#24 /var/www/html/yii/framework/web/filters/CFilter.php(40): CFilterChain->run()
#25 /var/www/html/yii/framework/web/CController.php(1148): CFilter->filter(Object(CFilterChain))
#26 /var/www/html/yii/framework/web/filters/CInlineFilter.php(58): CController->filterAccessControl(Object(CFilterChain))
#27 /var/www/html/yii/framework/web/filters/CFilterChain.php(131): CInlineFilter->filter(Object(CFilterChain))
#28 /var/www/html/yii/framework/web/CController.php(291): CFilterChain->run()
#29 /var/www/html/yii/framework/web/CController.php(265): CController->runActionWithFilters(Object(CInlineAction), Array)
#30 /var/www/html/yii/framework/web/CWebApplication.php(282): CController->run('')
#31 /var/www/html/yii/framework/web/CWebApplication.php(141): CWebApplication->runController('')
#32 /var/www/html/yii/framework/base/CApplication.php(185): CWebApplication->processRequest()
#33 /var/www/html/yii/demos/blog/index.php(11): CApplication->run()
#34 {main}
REQUEST_URI=/yii/demos/blog/
---
2018/05/02 23:14:38 [error] [exception.CDbException] could not find driver
2018/05/02 23:14:38 [error] [exception.CDbException] exception 'CDbException' with message 'CDbConnection failed to open the DB connection.' in /var/www/html/yii/framework/db/CDbConnection.php:405
Stack trace:
#0 /var/www/html/yii/framework/db/CDbConnection.php(347): CDbConnection->open()
#1 /var/www/html/yii/framework/db/CDbConnection.php(325): CDbConnection->setActive(true)
#2 /var/www/html/yii/framework/base/CModule.php(394): CDbConnection->init()
#3 /var/www/html/yii/framework/base/CApplication.php(459): CModule->getComponent('db')
#4 /var/www/html/yii/framework/db/ar/CActiveRecord.php(639): CApplication->getDb()
#5 /var/www/html/yii/framework/db/ar/CActiveRecord.php(672): CActiveRecord->getDbConnection()
#6 /var/www/html/yii/framework/db/ar/CActiveRecord.php(1604): CActiveRecord->getCommandBuilder()
#7 /var/www/html/yii/framework/web/CActiveDataProvider.php(228): CActiveRecord->count(Object(CDbCriteria))
#8 /var/www/html/yii/framework/web/CDataProvider.php(224): CActiveDataProvider->calculateTotalItemCount()
#9 /var/www/html/yii/framework/web/CActiveDataProvider.php(178): CDataProvider->getTotalItemCount()
#10 /var/www/html/yii/framework/web/CDataProvider.php(168): CActiveDataProvider->fetchData()
#11 /var/www/html/yii/framework/zii/widgets/CBaseListView.php(125): CDataProvider->getData()
#12 /var/www/html/yii/framework/zii/widgets/CListView.php(211): CBaseListView->init()
#13 /var/www/html/yii/framework/web/CBaseController.php(147): CListView->init()
#14 /var/www/html/yii/framework/web/CBaseController.php(181): CBaseController->createWidget('zii.widgets.CLi...', Array)
#15 /var/www/html/yii/demos/blog/protected/views/post/index.php(9): CBaseController->widget('zii.widgets.CLi...', Array)
#16 /var/www/html/yii/framework/web/CBaseController.php(126): require('/var/www/html/y...')
#17 /var/www/html/yii/framework/web/CBaseController.php(95): CBaseController->renderInternal('/var/www/html/y...', Array, true)
#18 /var/www/html/yii/framework/web/CController.php(872): CBaseController->renderFile('/var/www/html/y...', Array, true)
#19 /var/www/html/yii/framework/web/CController.php(785): CController->renderPartial('index', Array, true)
#20 /var/www/html/yii/demos/blog/protected/controllers/PostController.php(136): CController->render('index', Array)
#21 /var/www/html/yii/framework/web/actions/CInlineAction.php(49): PostController->actionIndex()
#22 /var/www/html/yii/framework/web/CController.php(308): CInlineAction->runWithParams(Array)
#23 /var/www/html/yii/framework/web/filters/CFilterChain.php(134): CController->runAction(Object(CInlineAction))
#24 /var/www/html/yii/framework/web/filters/CFilter.php(40): CFilterChain->run()
#25 /var/www/html/yii/framework/web/CController.php(1148): CFilter->filter(Object(CFilterChain))
#26 /var/www/html/yii/framework/web/filters/CInlineFilter.php(58): CController->filterAccessControl(Object(CFilterChain))
#27 /var/www/html/yii/framework/web/filters/CFilterChain.php(131): CInlineFilter->filter(Object(CFilterChain))
#28 /var/www/html/yii/framework/web/CController.php(291): CFilterChain->run()
#29 /var/www/html/yii/framework/web/CController.php(265): CController->runActionWithFilters(Object(CInlineAction), Array)
#30 /var/www/html/yii/framework/web/CWebApplication.php(282): CController->run('')
#31 /var/www/html/yii/framework/web/CWebApplication.php(141): CWebApplication->runController('')
#32 /var/www/html/yii/framework/base/CApplication.php(185): CWebApplication->processRequest()
#33 /var/www/html/yii/demos/blog/index.php(11): CApplication->run()
#34 {main}
REQUEST_URI=/yii/demos/blog/
---
2018/06/29 21:06:59 [error] [exception.CDbException] could not find driver
2018/06/29 21:06:59 [error] [exception.CDbException] exception 'CDbException' with message 'CDbConnection failed to open the DB connection.' in /var/www/html/yii/framework/db/CDbConnection.php:405
Stack trace:
#0 /var/www/html/yii/framework/db/CDbConnection.php(347): CDbConnection->open()
#1 /var/www/html/yii/framework/db/CDbConnection.php(325): CDbConnection->setActive(true)
#2 /var/www/html/yii/framework/base/CModule.php(394): CDbConnection->init()
#3 /var/www/html/yii/framework/base/CApplication.php(459): CModule->getComponent('db')
#4 /var/www/html/yii/framework/db/ar/CActiveRecord.php(639): CApplication->getDb()
#5 /var/www/html/yii/framework/db/ar/CActiveRecord.php(672): CActiveRecord->getDbConnection()
#6 /var/www/html/yii/framework/db/ar/CActiveRecord.php(1604): CActiveRecord->getCommandBuilder()
#7 /var/www/html/yii/framework/web/CActiveDataProvider.php(228): CActiveRecord->count(Object(CDbCriteria))
#8 /var/www/html/yii/framework/web/CDataProvider.php(224): CActiveDataProvider->calculateTotalItemCount()
#9 /var/www/html/yii/framework/web/CActiveDataProvider.php(178): CDataProvider->getTotalItemCount()
#10 /var/www/html/yii/framework/web/CDataProvider.php(168): CActiveDataProvider->fetchData()
#11 /var/www/html/yii/framework/zii/widgets/CBaseListView.php(125): CDataProvider->getData()
#12 /var/www/html/yii/framework/zii/widgets/CListView.php(211): CBaseListView->init()
#13 /var/www/html/yii/framework/web/CBaseController.php(147): CListView->init()
#14 /var/www/html/yii/framework/web/CBaseController.php(181): CBaseController->createWidget('zii.widgets.CLi...', Array)
#15 /var/www/html/yii/demos/blog/protected/views/post/index.php(9): CBaseController->widget('zii.widgets.CLi...', Array)
#16 /var/www/html/yii/framework/web/CBaseController.php(126): require('/var/www/html/y...')
#17 /var/www/html/yii/framework/web/CBaseController.php(95): CBaseController->renderInternal('/var/www/html/y...', Array, true)
#18 /var/www/html/yii/framework/web/CController.php(872): CBaseController->renderFile('/var/www/html/y...', Array, true)
#19 /var/www/html/yii/framework/web/CController.php(785): CController->renderPartial('index', Array, true)
#20 /var/www/html/yii/demos/blog/protected/controllers/PostController.php(136): CController->render('index', Array)
#21 /var/www/html/yii/framework/web/actions/CInlineAction.php(49): PostController->actionIndex()
#22 /var/www/html/yii/framework/web/CController.php(308): CInlineAction->runWithParams(Array)
#23 /var/www/html/yii/framework/web/filters/CFilterChain.php(134): CController->runAction(Object(CInlineAction))
#24 /var/www/html/yii/framework/web/filters/CFilter.php(40): CFilterChain->run()
#25 /var/www/html/yii/framework/web/CController.php(1148): CFilter->filter(Object(CFilterChain))
#26 /var/www/html/yii/framework/web/filters/CInlineFilter.php(58): CController->filterAccessControl(Object(CFilterChain))
#27 /var/www/html/yii/framework/web/filters/CFilterChain.php(131): CInlineFilter->filter(Object(CFilterChain))
#28 /var/www/html/yii/framework/web/CController.php(291): CFilterChain->run()
#29 /var/www/html/yii/framework/web/CController.php(265): CController->runActionWithFilters(Object(CInlineAction), Array)
#30 /var/www/html/yii/framework/web/CWebApplication.php(282): CController->run('')
#31 /var/www/html/yii/framework/web/CWebApplication.php(141): CWebApplication->runController('')
#32 /var/www/html/yii/framework/base/CApplication.php(185): CWebApplication->processRequest()
#33 /var/www/html/yii/demos/blog/index.php(11): CApplication->run()
#34 {main}
REQUEST_URI=/yii/demos/blog/
---
2018/07/04 12:05:05 [error] [exception.CDbException] could not find driver
2018/07/04 12:05:05 [error] [exception.CDbException] exception 'CDbException' with message 'CDbConnection failed to open the DB connection.' in /var/www/html/yii/framework/db/CDbConnection.php:405
Stack trace:
#0 /var/www/html/yii/framework/db/CDbConnection.php(347): CDbConnection->open()
#1 /var/www/html/yii/framework/db/CDbConnection.php(325): CDbConnection->setActive(true)
#2 /var/www/html/yii/framework/base/CModule.php(394): CDbConnection->init()
#3 /var/www/html/yii/framework/base/CApplication.php(459): CModule->getComponent('db')
#4 /var/www/html/yii/framework/db/ar/CActiveRecord.php(639): CApplication->getDb()
#5 /var/www/html/yii/framework/db/ar/CActiveRecord.php(672): CActiveRecord->getDbConnection()
#6 /var/www/html/yii/framework/db/ar/CActiveRecord.php(1604): CActiveRecord->getCommandBuilder()
#7 /var/www/html/yii/framework/web/CActiveDataProvider.php(228): CActiveRecord->count(Object(CDbCriteria))
#8 /var/www/html/yii/framework/web/CDataProvider.php(224): CActiveDataProvider->calculateTotalItemCount()
#9 /var/www/html/yii/framework/web/CActiveDataProvider.php(178): CDataProvider->getTotalItemCount()
#10 /var/www/html/yii/framework/web/CDataProvider.php(168): CActiveDataProvider->fetchData()
#11 /var/www/html/yii/framework/zii/widgets/CBaseListView.php(125): CDataProvider->getData()
#12 /var/www/html/yii/framework/zii/widgets/CListView.php(211): CBaseListView->init()
#13 /var/www/html/yii/framework/web/CBaseController.php(147): CListView->init()
#14 /var/www/html/yii/framework/web/CBaseController.php(181): CBaseController->createWidget('zii.widgets.CLi...', Array)
#15 /var/www/html/yii/demos/blog/protected/views/post/index.php(9): CBaseController->widget('zii.widgets.CLi...', Array)
#16 /var/www/html/yii/framework/web/CBaseController.php(126): require('/var/www/html/y...')
#17 /var/www/html/yii/framework/web/CBaseController.php(95): CBaseController->renderInternal('/var/www/html/y...', Array, true)
#18 /var/www/html/yii/framework/web/CController.php(872): CBaseController->renderFile('/var/www/html/y...', Array, true)
#19 /var/www/html/yii/framework/web/CController.php(785): CController->renderPartial('index', Array, true)
#20 /var/www/html/yii/demos/blog/protected/controllers/PostController.php(136): CController->render('index', Array)
#21 /var/www/html/yii/framework/web/actions/CInlineAction.php(49): PostController->actionIndex()
#22 /var/www/html/yii/framework/web/CController.php(308): CInlineAction->runWithParams(Array)
#23 /var/www/html/yii/framework/web/filters/CFilterChain.php(134): CController->runAction(Object(CInlineAction))
#24 /var/www/html/yii/framework/web/filters/CFilter.php(40): CFilterChain->run()
#25 /var/www/html/yii/framework/web/CController.php(1148): CFilter->filter(Object(CFilterChain))
#26 /var/www/html/yii/framework/web/filters/CInlineFilter.php(58): CController->filterAccessControl(Object(CFilterChain))
#27 /var/www/html/yii/framework/web/filters/CFilterChain.php(131): CInlineFilter->filter(Object(CFilterChain))
#28 /var/www/html/yii/framework/web/CController.php(291): CFilterChain->run()
#29 /var/www/html/yii/framework/web/CController.php(265): CController->runActionWithFilters(Object(CInlineAction), Array)
#30 /var/www/html/yii/framework/web/CWebApplication.php(282): CController->run('')
#31 /var/www/html/yii/framework/web/CWebApplication.php(141): CWebApplication->runController('')
#32 /var/www/html/yii/framework/base/CApplication.php(185): CWebApplication->processRequest()
#33 /var/www/html/yii/demos/blog/index.php(11): CApplication->run()
#34 {main}
REQUEST_URI=/yii/demos/blog/
---
2018/07/12 19:19:12 [error] [exception.CDbException] could not find driver
2018/07/12 19:19:12 [error] [exception.CDbException] exception 'CDbException' with message 'CDbConnection failed to open the DB connection.' in /var/www/html/yii/framework/db/CDbConnection.php:405
Stack trace:
#0 /var/www/html/yii/framework/db/CDbConnection.php(347): CDbConnection->open()
#1 /var/www/html/yii/framework/db/CDbConnection.php(325): CDbConnection->setActive(true)
#2 /var/www/html/yii/framework/base/CModule.php(394): CDbConnection->init()
#3 /var/www/html/yii/framework/base/CApplication.php(459): CModule->getComponent('db')
#4 /var/www/html/yii/framework/db/ar/CActiveRecord.php(639): CApplication->getDb()
#5 /var/www/html/yii/framework/db/ar/CActiveRecord.php(672): CActiveRecord->getDbConnection()
#6 /var/www/html/yii/framework/db/ar/CActiveRecord.php(1604): CActiveRecord->getCommandBuilder()
#7 /var/www/html/yii/framework/web/CActiveDataProvider.php(228): CActiveRecord->count(Object(CDbCriteria))
#8 /var/www/html/yii/framework/web/CDataProvider.php(224): CActiveDataProvider->calculateTotalItemCount()
#9 /var/www/html/yii/framework/web/CActiveDataProvider.php(178): CDataProvider->getTotalItemCount()
#10 /var/www/html/yii/framework/web/CDataProvider.php(168): CActiveDataProvider->fetchData()
#11 /var/www/html/yii/framework/zii/widgets/CBaseListView.php(125): CDataProvider->getData()
#12 /var/www/html/yii/framework/zii/widgets/CListView.php(211): CBaseListView->init()
#13 /var/www/html/yii/framework/web/CBaseController.php(147): CListView->init()
#14 /var/www/html/yii/framework/web/CBaseController.php(181): CBaseController->createWidget('zii.widgets.CLi...', Array)
#15 /var/www/html/yii/demos/blog/protected/views/post/index.php(9): CBaseController->widget('zii.widgets.CLi...', Array)
#16 /var/www/html/yii/framework/web/CBaseController.php(126): require('/var/www/html/y...')
#17 /var/www/html/yii/framework/web/CBaseController.php(95): CBaseController->renderInternal('/var/www/html/y...', Array, true)
#18 /var/www/html/yii/framework/web/CController.php(872): CBaseController->renderFile('/var/www/html/y...', Array, true)
#19 /var/www/html/yii/framework/web/CController.php(785): CController->renderPartial('index', Array, true)
#20 /var/www/html/yii/demos/blog/protected/controllers/PostController.php(136): CController->render('index', Array)
#21 /var/www/html/yii/framework/web/actions/CInlineAction.php(49): PostController->actionIndex()
#22 /var/www/html/yii/framework/web/CController.php(308): CInlineAction->runWithParams(Array)
#23 /var/www/html/yii/framework/web/filters/CFilterChain.php(134): CController->runAction(Object(CInlineAction))
#24 /var/www/html/yii/framework/web/filters/CFilter.php(40): CFilterChain->run()
#25 /var/www/html/yii/framework/web/CController.php(1148): CFilter->filter(Object(CFilterChain))
#26 /var/www/html/yii/framework/web/filters/CInlineFilter.php(58): CController->filterAccessControl(Object(CFilterChain))
#27 /var/www/html/yii/framework/web/filters/CFilterChain.php(131): CInlineFilter->filter(Object(CFilterChain))
#28 /var/www/html/yii/framework/web/CController.php(291): CFilterChain->run()
#29 /var/www/html/yii/framework/web/CController.php(265): CController->runActionWithFilters(Object(CInlineAction), Array)
#30 /var/www/html/yii/framework/web/CWebApplication.php(282): CController->run('')
#31 /var/www/html/yii/framework/web/CWebApplication.php(141): CWebApplication->runController('')
#32 /var/www/html/yii/framework/base/CApplication.php(185): CWebApplication->processRequest()
#33 /var/www/html/yii/demos/blog/index.php(11): CApplication->run()
#34 {main}
REQUEST_URI=/yii/demos/blog/
---
2018/07/12 22:14:40 [error] [exception.CDbException] could not find driver
2018/07/12 22:14:40 [error] [exception.CDbException] exception 'CDbException' with message 'CDbConnection failed to open the DB connection.' in /var/www/html/yii/framework/db/CDbConnection.php:405
Stack trace:
#0 /var/www/html/yii/framework/db/CDbConnection.php(347): CDbConnection->open()
#1 /var/www/html/yii/framework/db/CDbConnection.php(325): CDbConnection->setActive(true)
#2 /var/www/html/yii/framework/base/CModule.php(394): CDbConnection->init()
#3 /var/www/html/yii/framework/base/CApplication.php(459): CModule->getComponent('db')
#4 /var/www/html/yii/framework/db/ar/CActiveRecord.php(639): CApplication->getDb()
#5 /var/www/html/yii/framework/db/ar/CActiveRecord.php(672): CActiveRecord->getDbConnection()
#6 /var/www/html/yii/framework/db/ar/CActiveRecord.php(1604): CActiveRecord->getCommandBuilder()
#7 /var/www/html/yii/framework/web/CActiveDataProvider.php(228): CActiveRecord->count(Object(CDbCriteria))
#8 /var/www/html/yii/framework/web/CDataProvider.php(224): CActiveDataProvider->calculateTotalItemCount()
#9 /var/www/html/yii/framework/web/CActiveDataProvider.php(178): CDataProvider->getTotalItemCount()
#10 /var/www/html/yii/framework/web/CDataProvider.php(168): CActiveDataProvider->fetchData()
#11 /var/www/html/yii/framework/zii/widgets/CBaseListView.php(125): CDataProvider->getData()
#12 /var/www/html/yii/framework/zii/widgets/CListView.php(211): CBaseListView->init()
#13 /var/www/html/yii/framework/web/CBaseController.php(147): CListView->init()
#14 /var/www/html/yii/framework/web/CBaseController.php(181): CBaseController->createWidget('zii.widgets.CLi...', Array)
#15 /var/www/html/yii/demos/blog/protected/views/post/index.php(9): CBaseController->widget('zii.widgets.CLi...', Array)
#16 /var/www/html/yii/framework/web/CBaseController.php(126): require('/var/www/html/y...')
#17 /var/www/html/yii/framework/web/CBaseController.php(95): CBaseController->renderInternal('/var/www/html/y...', Array, true)
#18 /var/www/html/yii/framework/web/CController.php(872): CBaseController->renderFile('/var/www/html/y...', Array, true)
#19 /var/www/html/yii/framework/web/CController.php(785): CController->renderPartial('index', Array, true)
#20 /var/www/html/yii/demos/blog/protected/controllers/PostController.php(136): CController->render('index', Array)
#21 /var/www/html/yii/framework/web/actions/CInlineAction.php(49): PostController->actionIndex()
#22 /var/www/html/yii/framework/web/CController.php(308): CInlineAction->runWithParams(Array)
#23 /var/www/html/yii/framework/web/filters/CFilterChain.php(134): CController->runAction(Object(CInlineAction))
#24 /var/www/html/yii/framework/web/filters/CFilter.php(40): CFilterChain->run()
#25 /var/www/html/yii/framework/web/CController.php(1148): CFilter->filter(Object(CFilterChain))
#26 /var/www/html/yii/framework/web/filters/CInlineFilter.php(58): CController->filterAccessControl(Object(CFilterChain))
#27 /var/www/html/yii/framework/web/filters/CFilterChain.php(131): CInlineFilter->filter(Object(CFilterChain))
#28 /var/www/html/yii/framework/web/CController.php(291): CFilterChain->run()
#29 /var/www/html/yii/framework/web/CController.php(265): CController->runActionWithFilters(Object(CInlineAction), Array)
#30 /var/www/html/yii/framework/web/CWebApplication.php(282): CController->run('')
#31 /var/www/html/yii/framework/web/CWebApplication.php(141): CWebApplication->runController('')
#32 /var/www/html/yii/framework/base/CApplication.php(185): CWebApplication->processRequest()
#33 /var/www/html/yii/demos/blog/index.php(11): CApplication->run()
#34 {main}
REQUEST_URI=/yii/demos/blog/
---
2018/07/23 15:16:31 [error] [exception.CDbException] could not find driver
2018/07/23 15:16:31 [error] [exception.CDbException] exception 'CDbException' with message 'CDbConnection failed to open the DB connection.' in /var/www/html/yii/framework/db/CDbConnection.php:405
Stack trace:
#0 /var/www/html/yii/framework/db/CDbConnection.php(347): CDbConnection->open()
#1 /var/www/html/yii/framework/db/CDbConnection.php(325): CDbConnection->setActive(true)
#2 /var/www/html/yii/framework/base/CModule.php(394): CDbConnection->init()
#3 /var/www/html/yii/framework/base/CApplication.php(459): CModule->getComponent('db')
#4 /var/www/html/yii/framework/db/ar/CActiveRecord.php(639): CApplication->getDb()
#5 /var/www/html/yii/framework/db/ar/CActiveRecord.php(672): CActiveRecord->getDbConnection()
#6 /var/www/html/yii/framework/db/ar/CActiveRecord.php(1604): CActiveRecord->getCommandBuilder()
#7 /var/www/html/yii/framework/web/CActiveDataProvider.php(228): CActiveRecord->count(Object(CDbCriteria))
#8 /var/www/html/yii/framework/web/CDataProvider.php(224): CActiveDataProvider->calculateTotalItemCount()
#9 /var/www/html/yii/framework/web/CActiveDataProvider.php(178): CDataProvider->getTotalItemCount()
#10 /var/www/html/yii/framework/web/CDataProvider.php(168): CActiveDataProvider->fetchData()
#11 /var/www/html/yii/framework/zii/widgets/CBaseListView.php(125): CDataProvider->getData()
#12 /var/www/html/yii/framework/zii/widgets/CListView.php(211): CBaseListView->init()
#13 /var/www/html/yii/framework/web/CBaseController.php(147): CListView->init()
#14 /var/www/html/yii/framework/web/CBaseController.php(181): CBaseController->createWidget('zii.widgets.CLi...', Array)
#15 /var/www/html/yii/demos/blog/protected/views/post/index.php(9): CBaseController->widget('zii.widgets.CLi...', Array)
#16 /var/www/html/yii/framework/web/CBaseController.php(126): require('/var/www/html/y...')
#17 /var/www/html/yii/framework/web/CBaseController.php(95): CBaseController->renderInternal('/var/www/html/y...', Array, true)
#18 /var/www/html/yii/framework/web/CController.php(872): CBaseController->renderFile('/var/www/html/y...', Array, true)
#19 /var/www/html/yii/framework/web/CController.php(785): CController->renderPartial('index', Array, true)
#20 /var/www/html/yii/demos/blog/protected/controllers/PostController.php(136): CController->render('index', Array)
#21 /var/www/html/yii/framework/web/actions/CInlineAction.php(49): PostController->actionIndex()
#22 /var/www/html/yii/framework/web/CController.php(308): CInlineAction->runWithParams(Array)
#23 /var/www/html/yii/framework/web/filters/CFilterChain.php(134): CController->runAction(Object(CInlineAction))
#24 /var/www/html/yii/framework/web/filters/CFilter.php(40): CFilterChain->run()
#25 /var/www/html/yii/framework/web/CController.php(1148): CFilter->filter(Object(CFilterChain))
#26 /var/www/html/yii/framework/web/filters/CInlineFilter.php(58): CController->filterAccessControl(Object(CFilterChain))
#27 /var/www/html/yii/framework/web/filters/CFilterChain.php(131): CInlineFilter->filter(Object(CFilterChain))
#28 /var/www/html/yii/framework/web/CController.php(291): CFilterChain->run()
#29 /var/www/html/yii/framework/web/CController.php(265): CController->runActionWithFilters(Object(CInlineAction), Array)
#30 /var/www/html/yii/framework/web/CWebApplication.php(282): CController->run('')
#31 /var/www/html/yii/framework/web/CWebApplication.php(141): CWebApplication->runController('')
#32 /var/www/html/yii/framework/base/CApplication.php(185): CWebApplication->processRequest()
#33 /var/www/html/yii/demos/blog/index.php(11): CApplication->run()
#34 {main}
REQUEST_URI=/yii/demos/blog/
---
2018/07/29 16:39:40 [error] [exception.CDbException] could not find driver
2018/07/29 16:39:40 [error] [exception.CDbException] exception 'CDbException' with message 'CDbConnection failed to open the DB connection.' in /var/www/html/yii/framework/db/CDbConnection.php:405
Stack trace:
#0 /var/www/html/yii/framework/db/CDbConnection.php(347): CDbConnection->open()
#1 /var/www/html/yii/framework/db/CDbConnection.php(325): CDbConnection->setActive(true)
#2 /var/www/html/yii/framework/base/CModule.php(394): CDbConnection->init()
#3 /var/www/html/yii/framework/base/CApplication.php(459): CModule->getComponent('db')
#4 /var/www/html/yii/framework/db/ar/CActiveRecord.php(639): CApplication->getDb()
#5 /var/www/html/yii/framework/db/ar/CActiveRecord.php(672): CActiveRecord->getDbConnection()
#6 /var/www/html/yii/framework/db/ar/CActiveRecord.php(1604): CActiveRecord->getCommandBuilder()
#7 /var/www/html/yii/framework/web/CActiveDataProvider.php(228): CActiveRecord->count(Object(CDbCriteria))
#8 /var/www/html/yii/framework/web/CDataProvider.php(224): CActiveDataProvider->calculateTotalItemCount()
#9 /var/www/html/yii/framework/web/CActiveDataProvider.php(178): CDataProvider->getTotalItemCount()
#10 /var/www/html/yii/framework/web/CDataProvider.php(168): CActiveDataProvider->fetchData()
#11 /var/www/html/yii/framework/zii/widgets/CBaseListView.php(125): CDataProvider->getData()
#12 /var/www/html/yii/framework/zii/widgets/CListView.php(211): CBaseListView->init()
#13 /var/www/html/yii/framework/web/CBaseController.php(147): CListView->init()
#14 /var/www/html/yii/framework/web/CBaseController.php(181): CBaseController->createWidget('zii.widgets.CLi...', Array)
#15 /var/www/html/yii/demos/blog/protected/views/post/index.php(9): CBaseController->widget('zii.widgets.CLi...', Array)
#16 /var/www/html/yii/framework/web/CBaseController.php(126): require('/var/www/html/y...')
#17 /var/www/html/yii/framework/web/CBaseController.php(95): CBaseController->renderInternal('/var/www/html/y...', Array, true)
#18 /var/www/html/yii/framework/web/CController.php(872): CBaseController->renderFile('/var/www/html/y...', Array, true)
#19 /var/www/html/yii/framework/web/CController.php(785): CController->renderPartial('index', Array, true)
#20 /var/www/html/yii/demos/blog/protected/controllers/PostController.php(136): CController->render('index', Array)
#21 /var/www/html/yii/framework/web/actions/CInlineAction.php(49): PostController->actionIndex()
#22 /var/www/html/yii/framework/web/CController.php(308): CInlineAction->runWithParams(Array)
#23 /var/www/html/yii/framework/web/filters/CFilterChain.php(134): CController->runAction(Object(CInlineAction))
#24 /var/www/html/yii/framework/web/filters/CFilter.php(40): CFilterChain->run()
#25 /var/www/html/yii/framework/web/CController.php(1148): CFilter->filter(Object(CFilterChain))
#26 /var/www/html/yii/framework/web/filters/CInlineFilter.php(58): CController->filterAccessControl(Object(CFilterChain))
#27 /var/www/html/yii/framework/web/filters/CFilterChain.php(131): CInlineFilter->filter(Object(CFilterChain))
#28 /var/www/html/yii/framework/web/CController.php(291): CFilterChain->run()
#29 /var/www/html/yii/framework/web/CController.php(265): CController->runActionWithFilters(Object(CInlineAction), Array)
#30 /var/www/html/yii/framework/web/CWebApplication.php(282): CController->run('')
#31 /var/www/html/yii/framework/web/CWebApplication.php(141): CWebApplication->runController('')
#32 /var/www/html/yii/framework/base/CApplication.php(185): CWebApplication->processRequest()
#33 /var/www/html/yii/demos/blog/index.php(11): CApplication->run()
#34 {main}
REQUEST_URI=/yii/demos/blog/
---
2018/08/08 09:49:04 [error] [exception.CDbException] could not find driver
2018/08/08 09:49:04 [error] [exception.CDbException] exception 'CDbException' with message 'CDbConnection failed to open the DB connection.' in /var/www/html/yii/framework/db/CDbConnection.php:405
Stack trace:
#0 /var/www/html/yii/framework/db/CDbConnection.php(347): CDbConnection->open()
#1 /var/www/html/yii/framework/db/CDbConnection.php(325): CDbConnection->setActive(true)
#2 /var/www/html/yii/framework/base/CModule.php(394): CDbConnection->init()
#3 /var/www/html/yii/framework/base/CApplication.php(459): CModule->getComponent('db')
#4 /var/www/html/yii/framework/db/ar/CActiveRecord.php(639): CApplication->getDb()
#5 /var/www/html/yii/framework/db/ar/CActiveRecord.php(672): CActiveRecord->getDbConnection()
#6 /var/www/html/yii/framework/db/ar/CActiveRecord.php(1604): CActiveRecord->getCommandBuilder()
#7 /var/www/html/yii/framework/web/CActiveDataProvider.php(228): CActiveRecord->count(Object(CDbCriteria))
#8 /var/www/html/yii/framework/web/CDataProvider.php(224): CActiveDataProvider->calculateTotalItemCount()
#9 /var/www/html/yii/framework/web/CActiveDataProvider.php(178): CDataProvider->getTotalItemCount()
#10 /var/www/html/yii/framework/web/CDataProvider.php(168): CActiveDataProvider->fetchData()
#11 /var/www/html/yii/framework/zii/widgets/CBaseListView.php(125): CDataProvider->getData()
#12 /var/www/html/yii/framework/zii/widgets/CListView.php(211): CBaseListView->init()
#13 /var/www/html/yii/framework/web/CBaseController.php(147): CListView->init()
#14 /var/www/html/yii/framework/web/CBaseController.php(181): CBaseController->createWidget('zii.widgets.CLi...', Array)
#15 /var/www/html/yii/demos/blog/protected/views/post/index.php(9): CBaseController->widget('zii.widgets.CLi...', Array)
#16 /var/www/html/yii/framework/web/CBaseController.php(126): require('/var/www/html/y...')
#17 /var/www/html/yii/framework/web/CBaseController.php(95): CBaseController->renderInternal('/var/www/html/y...', Array, true)
#18 /var/www/html/yii/framework/web/CController.php(872): CBaseController->renderFile('/var/www/html/y...', Array, true)
#19 /var/www/html/yii/framework/web/CController.php(785): CController->renderPartial('index', Array, true)
#20 /var/www/html/yii/demos/blog/protected/controllers/PostController.php(136): CController->render('index', Array)
#21 /var/www/html/yii/framework/web/actions/CInlineAction.php(49): PostController->actionIndex()
#22 /var/www/html/yii/framework/web/CController.php(308): CInlineAction->runWithParams(Array)
#23 /var/www/html/yii/framework/web/filters/CFilterChain.php(134): CController->runAction(Object(CInlineAction))
#24 /var/www/html/yii/framework/web/filters/CFilter.php(40): CFilterChain->run()
#25 /var/www/html/yii/framework/web/CController.php(1148): CFilter->filter(Object(CFilterChain))
#26 /var/www/html/yii/framework/web/filters/CInlineFilter.php(58): CController->filterAccessControl(Object(CFilterChain))
#27 /var/www/html/yii/framework/web/filters/CFilterChain.php(131): CInlineFilter->filter(Object(CFilterChain))
#28 /var/www/html/yii/framework/web/CController.php(291): CFilterChain->run()
#29 /var/www/html/yii/framework/web/CController.php(265): CController->runActionWithFilters(Object(CInlineAction), Array)
#30 /var/www/html/yii/framework/web/CWebApplication.php(282): CController->run('')
#31 /var/www/html/yii/framework/web/CWebApplication.php(141): CWebApplication->runController('')
#32 /var/www/html/yii/framework/base/CApplication.php(185): CWebApplication->processRequest()
#33 /var/www/html/yii/demos/blog/index.php(11): CApplication->run()
#34 {main}
REQUEST_URI=/yii/demos/blog/
---
2018/08/15 16:17:47 [error] [exception.CDbException] could not find driver
2018/08/15 16:17:47 [error] [exception.CDbException] exception 'CDbException' with message 'CDbConnection failed to open the DB connection.' in /var/www/html/yii/framework/db/CDbConnection.php:405
Stack trace:
#0 /var/www/html/yii/framework/db/CDbConnection.php(347): CDbConnection->open()
#1 /var/www/html/yii/framework/db/CDbConnection.php(325): CDbConnection->setActive(true)
#2 /var/www/html/yii/framework/base/CModule.php(394): CDbConnection->init()
#3 /var/www/html/yii/framework/base/CApplication.php(459): CModule->getComponent('db')
#4 /var/www/html/yii/framework/db/ar/CActiveRecord.php(639): CApplication->getDb()
#5 /var/www/html/yii/framework/db/ar/CActiveRecord.php(672): CActiveRecord->getDbConnection()
#6 /var/www/html/yii/framework/db/ar/CActiveRecord.php(1604): CActiveRecord->getCommandBuilder()
#7 /var/www/html/yii/framework/web/CActiveDataProvider.php(228): CActiveRecord->count(Object(CDbCriteria))
#8 /var/www/html/yii/framework/web/CDataProvider.php(224): CActiveDataProvider->calculateTotalItemCount()
#9 /var/www/html/yii/framework/web/CActiveDataProvider.php(178): CDataProvider->getTotalItemCount()
#10 /var/www/html/yii/framework/web/CDataProvider.php(168): CActiveDataProvider->fetchData()
#11 /var/www/html/yii/framework/zii/widgets/CBaseListView.php(125): CDataProvider->getData()
#12 /var/www/html/yii/framework/zii/widgets/CListView.php(211): CBaseListView->init()
#13 /var/www/html/yii/framework/web/CBaseController.php(147): CListView->init()
#14 /var/www/html/yii/framework/web/CBaseController.php(181): CBaseController->createWidget('zii.widgets.CLi...', Array)
#15 /var/www/html/yii/demos/blog/protected/views/post/index.php(9): CBaseController->widget('zii.widgets.CLi...', Array)
#16 /var/www/html/yii/framework/web/CBaseController.php(126): require('/var/www/html/y...')
#17 /var/www/html/yii/framework/web/CBaseController.php(95): CBaseController->renderInternal('/var/www/html/y...', Array, true)
#18 /var/www/html/yii/framework/web/CController.php(872): CBaseController->renderFile('/var/www/html/y...', Array, true)
#19 /var/www/html/yii/framework/web/CController.php(785): CController->renderPartial('index', Array, true)
#20 /var/www/html/yii/demos/blog/protected/controllers/PostController.php(136): CController->render('index', Array)
#21 /var/www/html/yii/framework/web/actions/CInlineAction.php(49): PostController->actionIndex()
#22 /var/www/html/yii/framework/web/CController.php(308): CInlineAction->runWithParams(Array)
#23 /var/www/html/yii/framework/web/filters/CFilterChain.php(134): CController->runAction(Object(CInlineAction))
#24 /var/www/html/yii/framework/web/filters/CFilter.php(40): CFilterChain->run()
#25 /var/www/html/yii/framework/web/CController.php(1148): CFilter->filter(Object(CFilterChain))
#26 /var/www/html/yii/framework/web/filters/CInlineFilter.php(58): CController->filterAccessControl(Object(CFilterChain))
#27 /var/www/html/yii/framework/web/filters/CFilterChain.php(131): CInlineFilter->filter(Object(CFilterChain))
#28 /var/www/html/yii/framework/web/CController.php(291): CFilterChain->run()
#29 /var/www/html/yii/framework/web/CController.php(265): CController->runActionWithFilters(Object(CInlineAction), Array)
#30 /var/www/html/yii/framework/web/CWebApplication.php(282): CController->run('')
#31 /var/www/html/yii/framework/web/CWebApplication.php(141): CWebApplication->runController('')
#32 /var/www/html/yii/framework/base/CApplication.php(185): CWebApplication->processRequest()
#33 /var/www/html/yii/demos/blog/index.php(11): CApplication->run()
#34 {main}
REQUEST_URI=/yii/demos/blog/
---
2018/08/24 08:05:12 [error] [exception.CDbException] could not find driver
2018/08/24 08:05:12 [error] [exception.CDbException] exception 'CDbException' with message 'CDbConnection failed to open the DB connection.' in /var/www/html/yii/framework/db/CDbConnection.php:405
Stack trace:
#0 /var/www/html/yii/framework/db/CDbConnection.php(347): CDbConnection->open()
#1 /var/www/html/yii/framework/db/CDbConnection.php(325): CDbConnection->setActive(true)
#2 /var/www/html/yii/framework/base/CModule.php(394): CDbConnection->init()
#3 /var/www/html/yii/framework/base/CApplication.php(459): CModule->getComponent('db')
#4 /var/www/html/yii/framework/db/ar/CActiveRecord.php(639): CApplication->getDb()
#5 /var/www/html/yii/framework/db/ar/CActiveRecord.php(672): CActiveRecord->getDbConnection()
#6 /var/www/html/yii/framework/db/ar/CActiveRecord.php(1604): CActiveRecord->getCommandBuilder()
#7 /var/www/html/yii/framework/web/CActiveDataProvider.php(228): CActiveRecord->count(Object(CDbCriteria))
#8 /var/www/html/yii/framework/web/CDataProvider.php(224): CActiveDataProvider->calculateTotalItemCount()
#9 /var/www/html/yii/framework/web/CActiveDataProvider.php(178): CDataProvider->getTotalItemCount()
#10 /var/www/html/yii/framework/web/CDataProvider.php(168): CActiveDataProvider->fetchData()
#11 /var/www/html/yii/framework/zii/widgets/CBaseListView.php(125): CDataProvider->getData()
#12 /var/www/html/yii/framework/zii/widgets/CListView.php(211): CBaseListView->init()
#13 /var/www/html/yii/framework/web/CBaseController.php(147): CListView->init()
#14 /var/www/html/yii/framework/web/CBaseController.php(181): CBaseController->createWidget('zii.widgets.CLi...', Array)
#15 /var/www/html/yii/demos/blog/protected/views/post/index.php(9): CBaseController->widget('zii.widgets.CLi...', Array)
#16 /var/www/html/yii/framework/web/CBaseController.php(126): require('/var/www/html/y...')
#17 /var/www/html/yii/framework/web/CBaseController.php(95): CBaseController->renderInternal('/var/www/html/y...', Array, true)
#18 /var/www/html/yii/framework/web/CController.php(872): CBaseController->renderFile('/var/www/html/y...', Array, true)
#19 /var/www/html/yii/framework/web/CController.php(785): CController->renderPartial('index', Array, true)
#20 /var/www/html/yii/demos/blog/protected/controllers/PostController.php(136): CController->render('index', Array)
#21 /var/www/html/yii/framework/web/actions/CInlineAction.php(49): PostController->actionIndex()
#22 /var/www/html/yii/framework/web/CController.php(308): CInlineAction->runWithParams(Array)
#23 /var/www/html/yii/framework/web/filters/CFilterChain.php(134): CController->runAction(Object(CInlineAction))
#24 /var/www/html/yii/framework/web/filters/CFilter.php(40): CFilterChain->run()
#25 /var/www/html/yii/framework/web/CController.php(1148): CFilter->filter(Object(CFilterChain))
#26 /var/www/html/yii/framework/web/filters/CInlineFilter.php(58): CController->filterAccessControl(Object(CFilterChain))
#27 /var/www/html/yii/framework/web/filters/CFilterChain.php(131): CInlineFilter->filter(Object(CFilterChain))
#28 /var/www/html/yii/framework/web/CController.php(291): CFilterChain->run()
#29 /var/www/html/yii/framework/web/CController.php(265): CController->runActionWithFilters(Object(CInlineAction), Array)
#30 /var/www/html/yii/framework/web/CWebApplication.php(282): CController->run('')
#31 /var/www/html/yii/framework/web/CWebApplication.php(141): CWebApplication->runController('')
#32 /var/www/html/yii/framework/base/CApplication.php(185): CWebApplication->processRequest()
#33 /var/www/html/yii/demos/blog/index.php(11): CApplication->run()
#34 {main}
REQUEST_URI=/yii/demos/blog/
---
